UV-eats-main/app/build/intermediates/manifest_merge_blame_file/debug/manifest-merger-blame-debug-report.txt
1<?xml version="1.0" encoding="utf-8"?>
2<manifest xmlns:android="http://schemas.android.com/apk/res/android"
3    package="com.example.uv_eats"
4    android:versionCode="1"
5    android:versionName="1.0" >
6
7    <uses-sdk
8        android:minSdkVersion="21"
8-->src\main\AndroidManifest.xml
9        android:targetSdkVersion="32" />
9-->src\main\AndroidManifest.xml
10
11    <application
11-->src\main\AndroidManifest.xml:6:5-46:19
12        android:allowBackup="true"
12-->src\main\AndroidManifest.xml:7:9-35
13        android:appComponentFactory="androidx.core.app.CoreComponentFactory"
13-->[androidx.core:core:1.8.0] AndroidManifest.xml:24:18-86
14        android:dataExtractionRules="@xml/data_extraction_rules"
14-->src\main\AndroidManifest.xml:8:9-65
15        android:debuggable="true"
16        android:fullBackupContent="@xml/backup_rules"
16-->src\main\AndroidManifest.xml:9:9-54
17        android:icon="@mipmap/ic_launcher"
17-->src\main\AndroidManifest.xml:10:9-43
18        android:label="@string/app_name"
18-->src\main\AndroidManifest.xml:11:9-41
19        android:roundIcon="@mipmap/ic_launcher_round"
19-->src\main\AndroidManifest.xml:12:9-54
20        android:supportsRtl="true"
20-->src\main\AndroidManifest.xml:13:9-35
21        android:testOnly="true"
22        android:theme="@style/Theme.Uv_Eats" >
22-->src\main\AndroidManifest.xml:14:9-45
23        <activity
23-->src\main\AndroidManifest.xml:16:9-22:20
24            android:name="com.example.uv_eats.Activity.SignIn"
24-->src\main\AndroidManifest.xml:17:13-63
25            android:exported="false" >
25-->src\main\AndroidManifest.xml:18:13-37
26            <meta-data
26-->src\main\AndroidManifest.xml:19:13-21:36
27                android:name="android.app.lib_name"
27-->src\main\AndroidManifest.xml:20:17-52
28                android:value="" />
28-->src\main\AndroidManifest.xml:21:17-33
29        </activity>
30        <activity
30-->src\main\AndroidManifest.xml:23:9-29:20
31            android:name="com.example.uv_eats.Activity.RecoverPassword"
31-->src\main\AndroidManifest.xml:24:13-72
32            android:exported="false" >
32-->src\main\AndroidManifest.xml:25:13-37
33            <meta-data
33-->src\main\AndroidManifest.xml:19:13-21:36
34                android:name="android.app.lib_name"
34-->src\main\AndroidManifest.xml:20:17-52
35                android:value="" />
35-->src\main\AndroidManifest.xml:21:17-33
36        </activity>
37        <activity
37-->src\main\AndroidManifest.xml:30:9-36:20
38            android:name="com.example.uv_eats.Activity.PrincipalTabMenuActivity"
38-->src\main\AndroidManifest.xml:31:13-81
39            android:exported="false" >
39-->src\main\AndroidManifest.xml:32:13-37
40            <meta-data
40-->src\main\AndroidManifest.xml:19:13-21:36
41                android:name="android.app.lib_name"
41-->src\main\AndroidManifest.xml:20:17-52
42                android:value="" />
42-->src\main\AndroidManifest.xml:21:17-33
43        </activity>
44        <activity
44-->src\main\AndroidManifest.xml:37:9-45:20
45            android:name="com.example.uv_eats.Activity.MainActivity"
45-->src\main\AndroidManifest.xml:38:13-69
46            android:exported="true" >
46-->src\main\AndroidManifest.xml:39:13-36
47            <intent-filter>
47-->src\main\AndroidManifest.xml:40:13-44:29
48                <action android:name="android.intent.action.MAIN" />
48-->src\main\AndroidManifest.xml:41:17-69
48-->src\main\AndroidManifest.xml:41:25-66
49
50                <category android:name="android.intent.category.LAUNCHER" />
50-->src\main\AndroidManifest.xml:43:17-77
50-->src\main\AndroidManifest.xml:43:27-74
51            </intent-filter>
52        </activity>
53
54        <provider
54-->[androidx.emoji2:emoji2:1.2.0] AndroidManifest.xml:24:9-32:20
55            android:name="androidx.startup.InitializationProvider"
55-->[androidx.emoji2:emoji2:1.2.0] AndroidManifest.xml:25:13-67
56            android:authorities="com.example.uv_eats.androidx-startup"
56-->[androidx.emoji2:emoji2:1.2.0] AndroidManifest.xml:26:13-68
57            android:exported="false" >
57-->[androidx.emoji2:emoji2:1.2.0] AndroidManifest.xml:27:13-37
58            <meta-data
58-->[androidx.emoji2:emoji2:1.2.0] AndroidManifest.xml:29:13-31:52
59                android:name="androidx.emoji2.text.EmojiCompatInitializer"
59-->[androidx.emoji2:emoji2:1.2.0] AndroidManifest.xml:30:17-75
60                android:value="androidx.startup" />
60-->[androidx.emoji2:emoji2:1.2.0] AndroidManifest.xml:31:17-49
61            <meta-data
61-->[androidx.lifecycle:lifecycle-process:2.4.1] AndroidManifest.xml:31:13-33:52
62                android:name="androidx.lifecycle.ProcessLifecycleInitializer"
62-->[androidx.lifecycle:lifecycle-process:2.4.1] AndroidManifest.xml:32:17-78
63                android:value="androidx.startup" />
63-->[androidx.lifecycle:lifecycle-process:2.4.1] AndroidManifest.xml:33:17-49
64        </provider>
65    </application>
66
67</manifest>